2026-02-25 20:37:13,064 - INFO - Processing 100 files from Needs_Action folder...
2026-02-25 20:37:13,127 - INFO - Generated plan: plan_1 Lakh+ students have already nominated themselves for Unstop Talent Awards 2026!_20260225_005114.md
2026-02-25 20:37:13,242 - INFO - Generated plan: plan_1 new front end developer internship job in Karachi_20260225_005202.md
2026-02-25 20:37:13,318 - INFO - Generated plan: plan_1 new intern job in Gujranwala Cantt_20260225_005119.md
2026-02-25 20:37:13,390 - INFO - Generated plan: plan_1 new intern job in Gujranwala Cantt_20260225_005128.md
2026-02-25 20:37:13,511 - INFO - Generated plan: plan_1 new intern job in Gujranwala Cantt_20260225_005130.md
2026-02-25 20:37:13,591 - INFO - Generated plan: plan_1 new intern job in Gujranwala Cantt_20260225_005137.md
2026-02-25 20:37:13,668 - INFO - Generated plan: plan_1 new internship front end developer job in Karachi_20260225_005137.md
2026-02-25 20:37:13,749 - INFO - Generated plan: plan_1 new internship front end developer job in Karachi_20260225_005205.md
2026-02-25 20:37:13,819 - INFO - Generated plan: plan_1 new junior front end developer job in Karachi Shahra-E-Faisal_20260225_005113.md
2026-02-25 20:37:13,932 - INFO - Generated plan: plan_1 new junior front end developer job in Karachi Shahra-E-Faisal_20260225_005158.md
2026-02-25 20:37:14,040 - INFO - Generated plan: plan_1 new junior front end developer job in Karachi_20260225_005203.md
2026-02-25 20:37:14,116 - INFO - Generated plan: plan_1 new software engineer intern job in Karachi Shahra-E-Faisal_20260225_005117.md
2026-02-25 20:37:14,186 - INFO - Generated plan: plan_1 new software engineer intern job in Karachi Shahra-E-Faisal_20260225_005129.md
2026-02-25 20:37:14,269 - INFO - Generated plan: plan_Action needed_ cluster deletion in 7 days_20260225_005203.md
2026-02-25 20:37:14,272 - INFO - Created approval file: Action needed_ cluster deletion in 7 days_20260225_005203_approval_20260225_203714.txt
2026-02-25 20:37:14,335 - INFO - Generated plan: plan_Ahmed Bilal accepted your invitation, explore their network_20260225_005200.md
2026-02-25 20:37:14,407 - INFO - Generated plan: plan_Ali Asghar, add Asna armeen Ayaz - Web Development Intern (Full-Stack) ?_20260225_005136.md
2026-02-25 20:37:14,476 - INFO - Generated plan: plan_Ali Asghar, add MUZNA BAIG ?_20260225_005123.md
2026-02-25 20:37:14,562 - INFO - Generated plan: plan_Ali Asghar, follow Rashmi Ranjan Mohanty ?? - Director at Diginfoweb Technologies_20260225_005159.md
2026-02-25 20:37:14,647 - INFO - Generated plan: plan_Ali Asghar, I?m still waiting for your response_20260225_005158.md
2026-02-25 20:37:14,770 - INFO - Generated plan: plan_Ali Asghar, your application was sent to Chart Learning Solutions_20260225_005156.md
2026-02-25 20:37:14,862 - INFO - Generated plan: plan_Amazon FBA Private Label Paid Intern (Hybrid)- Karachi at Klap4 Solutions and 21 more intern jobs in.md
2026-02-25 20:37:14,997 - INFO - Generated plan: plan_Amazon Intern at Techhub International and 17 more intern jobs in Karachi for you!_20260225_005151.md
2026-02-25 20:37:15,184 - INFO - Generated plan: plan_Become Unstoppable Leader 2026_ Nominations Open!_20260225_005138.md
2026-02-25 20:37:15,454 - INFO - Generated plan: plan_CodeAlpha just posted something that might be of interest to you_20260225_005135.md
2026-02-25 20:37:15,541 - INFO - Generated plan: plan_Craving something delicious_ ?_20260225_005126.md
2026-02-25 20:37:15,617 - INFO - Generated plan: plan_DB metrics, network flows, login with Railway, zero-downtime volume resizing_20260225_005117.md
2026-02-25 20:37:15,694 - INFO - Generated plan: plan_Don?t miss conversations in Internship Group_20260225_005148.md
2026-02-25 20:37:15,696 - INFO - Created approval file: Don?t miss conversations in Internship Group_20260225_005148_approval_20260225_203715.txt
2026-02-25 20:37:15,779 - INFO - Generated plan: plan_Faiza Razzak recently posted_20260225_005123.md
2026-02-25 20:37:15,878 - INFO - Generated plan: plan_Female Tutor for Arabic Language and Grammar (Remote Job) (Work from Home) at MYTUTORPOD in Karachi .md
2026-02-25 20:37:15,972 - INFO - Generated plan: plan_Front end developer (React js) at NetelSoft and 22 more web developer jobs in Pakistan for you!_2026.md
2026-02-25 20:37:16,054 - INFO - Generated plan: plan_Front End Developer - Angular at Wondrfly Inc.md
2026-02-25 20:37:16,148 - INFO - Generated plan: plan_Front End Developer at Authentik Track & Trace and 16 more front end developer jobs in Karachi for y.md
2026-02-25 20:37:16,236 - INFO - Generated plan: plan_Front-end Developer - React.md
2026-02-25 20:37:16,313 - INFO - Generated plan: plan_Front-end Developer - React.md
2026-02-25 20:37:16,402 - INFO - Generated plan: plan_Front-end Developer - React.md
2026-02-25 20:37:16,480 - INFO - Generated plan: plan_Frontend Developer (React) at marketrove and 23 more web developer jobs in Pakistan for you!_2026022.md
2026-02-25 20:37:16,544 - INFO - Generated plan: plan_Frontend Developer @ Quanrio LLP_20260225_005153.md
2026-02-25 20:37:16,632 - INFO - Generated plan: plan_Full Stack develeper at Brandrevam and 15 more front end developer jobs in Karachi for you!_20260225.md
2026-02-25 20:37:16,736 - INFO - Generated plan: plan_Full Stack develeper at Brandrevam and 18 more front end developer jobs in Karachi for you!_20260225.md
2026-02-25 20:37:16,959 - INFO - Generated plan: plan_Full Stack Developer at Alpha Beta Core Solutions and 10 more jobs in Kar?chi for you.md
2026-02-25 20:37:17,064 - INFO - Generated plan: plan_Full Stack Developer at TRUSTRISE (PRIVATE) LIMITED and 21 more web developer jobs in Pakistan for y.md
2026-02-25 20:37:17,174 - INFO - Generated plan: plan_Genetech Solutions, Datamatics Global Services is hiring in Kar?chi.md
2026-02-25 20:37:17,253 - INFO - Generated plan: plan_HR Intern at Odolution and 20 more intern jobs in Karachi for you!_20260225_005201.md
2026-02-25 20:37:17,327 - INFO - Generated plan: plan_HR Internship at Aykays and 2 more internship in web development jobs in Karachi Clifton for you!_20.md
2026-02-25 20:37:17,397 - INFO - Generated plan: plan_HR Mid Level at DigiExpo and 21 more intern jobs in Karachi for you!_20260225_005115.md
2026-02-25 20:37:17,474 - INFO - Generated plan: plan_HR Mid Level at DigiExpo and 21 more intern jobs in Karachi for you!_20260225_005124.md
2026-02-25 20:37:17,547 - INFO - Generated plan: plan_HR Mid Level at DigiExpo and 21 more intern jobs in Karachi for you!_20260225_005130.md
2026-02-25 20:37:17,603 - INFO - Generated plan: plan_Indeed Application_ Front-End Developer_20260225_005149.md
2026-02-25 20:37:17,604 - INFO - Created approval file: Indeed Application_ Front-End Developer_20260225_005149_approval_20260225_203717.txt
2026-02-25 20:37:17,681 - INFO - Generated plan: plan_International Telecom Cross Sales Representative at Solution Geniuses in Karachi and 1 more new job_.md
2026-02-25 20:37:17,742 - INFO - Generated plan: plan_January 2026_20260225_005146.md
2026-02-25 20:37:17,797 - INFO - Generated plan: plan_January 2026_20260225_005146_(1).md
2026-02-25 20:37:17,863 - INFO - Generated plan: plan_Jr Front End Developer (REACT_NEXT JS) at Soft Nation Technologies and 19 more front end developer j.md
2026-02-25 20:37:17,931 - INFO - Generated plan: plan_Junior .md
2026-02-25 20:37:18,079 - INFO - Generated plan: plan_Junior .md
2026-02-25 20:37:18,164 - INFO - Generated plan: plan_Junior SQA _ QA Engineer at UTF Labs and 5 more internship in web development jobs in Karachi Clifto.md
2026-02-25 20:37:18,288 - INFO - Generated plan: plan_Junior SQA _ QA Engineer at UTF Labs and 6 more internship in web development jobs in Karachi Clifto.md
2026-02-25 20:37:18,386 - INFO - Generated plan: plan_Junior Web Developer at Asianet Pakistan and 23 more web developer jobs in Pakistan for you!_2026022.md
2026-02-25 20:37:18,492 - INFO - Generated plan: plan_Junior Web Developer at Asianet Pakistan and 27 more web developer jobs in Pakistan for you!_2026022.md
2026-02-25 20:37:18,575 - INFO - Generated plan: plan_MediaCorp.md
2026-02-25 20:37:18,644 - INFO - Generated plan: plan_Muhammad accepted your invitation, explore their network_20260225_005145.md
2026-02-25 20:37:18,714 - INFO - Generated plan: plan_New jobs similar to Frontend UI_UX Developer at 360factors (Pvt.md
2026-02-25 20:37:18,803 - INFO - Generated plan: plan_Nominations Open_ Unstop Talent Awards 2026_20260225_005204.md
2026-02-25 20:37:19,374 - INFO - Generated plan: plan_programingmaster22, catch up on moments you've missed_20260225_005144.md
2026-02-25 20:37:19,470 - INFO - Generated plan: plan_programingmaster22, see ayes.md
2026-02-25 20:37:19,549 - INFO - Generated plan: plan_Project Coordinator Intern (Sales Side) at Jetnetix and 5 more internship in web development jobs in.md
2026-02-25 20:37:19,808 - INFO - Generated plan: plan_Qdrant 2026_ Edge Search, Free Cloud Inference, Official Certification, and 20+ Open Roles_20260225_.md
2026-02-25 20:37:19,931 - INFO - Generated plan: plan_React Typescript Developer (Remote _ Part-Time) at Shifted Sol and 23 more web developer jobs in Pak.md
2026-02-25 20:37:19,996 - INFO - Generated plan: plan_Sahir Ahmed just messaged you_20260225_005156.md
2026-02-25 20:37:20,051 - INFO - Generated plan: plan_Sahir Ahmed Sheikh sent you a message 3 days ago_20260225_005200.md
2026-02-25 20:37:20,109 - INFO - Generated plan: plan_SEO Intern Female (Paid) at WebSensePro and 1 more internship in web development job in Karachi Clif.md
2026-02-25 20:37:20,168 - INFO - Generated plan: plan_Shad Developers is hiring a Web Designer_20260225_005116.md
2026-02-25 20:37:20,394 - INFO - Generated plan: plan_Simplified Auth SDK, New VPC Endpoints, Copy as JSON_20260225_005120.md
2026-02-25 20:37:20,558 - INFO - Generated plan: plan_Sr.md
2026-02-25 20:37:20,629 - INFO - Generated plan: plan_Sr.md
2026-02-25 20:37:20,700 - INFO - Generated plan: plan_Sr.md
2026-02-25 20:37:20,767 - INFO - Generated plan: plan_Sr.md
2026-02-25 20:37:20,836 - INFO - Generated plan: plan_Sr.md
2026-02-25 20:37:20,905 - INFO - Generated plan: plan_Sr.md
2026-02-25 20:37:21,747 - INFO - Generated plan: plan_Technical Support Executive (L1) at ePAGING Pvt.md
2026-02-25 20:37:22,002 - INFO - Generated plan: plan_Three days left of your Fly.md
2026-02-25 20:37:22,004 - INFO - Created approval file: Three days left of your Fly_approval_20260225_203722.txt
2026-02-25 20:37:22,123 - INFO - Generated plan: plan_Trainee Developer at Riksof Private Limited and 24 more web developer jobs in Pakistan for you!_2026.md
2026-02-25 20:37:22,391 - INFO - Generated plan: plan_Trending Best-Selling Products List_20260225_005116.md
2026-02-25 20:37:22,487 - INFO - Generated plan: plan_UI_UX Designer at Turn Up Technologies and 1 more junior front end developer job in Karachi for you!.md
2026-02-25 20:37:22,583 - INFO - Generated plan: plan_UI_UX Designer at Turn Up Technologies and 1 more junior front end developer job in Karachi for you!.md
2026-02-25 20:37:22,721 - INFO - Generated plan: plan_UI_UX Designer at Turn Up Technologies and 1 more junior front end developer job in Karachi for you!.md
2026-02-25 20:37:22,992 - INFO - Generated plan: plan_UI_UX Designer at Turn Up Technologies and 1 more junior front end developer job in Karachi Shahra-E.md
2026-02-25 20:37:23,064 - INFO - Generated plan: plan_Updates to how privacy settings work on Play_20260225_005140.md
2026-02-25 20:37:23,066 - INFO - Created approval file: Updates to how privacy settings work on Play_20260225_005140_approval_20260225_203723.txt
2026-02-25 20:37:23,129 - INFO - Generated plan: plan_You are eligible for ?50K Giveaway ??_20260225_005148.md
2026-02-25 20:37:23,189 - INFO - Generated plan: plan_You have an invitation ??_20260225_005203.md
2026-02-25 20:37:23,283 - INFO - Generated plan: plan_Your application to Founding AI (Full Stack) Engineer at Chart Learning Solutions_20260225_005131.md
2026-02-25 20:37:23,385 - INFO - Generated plan: plan_Your Fly.md
2026-02-25 20:37:24,045 - INFO - Generated plan: plan_Your quick guide to what?s new in Clerk_20260225_005153.md
2026-02-25 20:37:24,110 - INFO - Generated plan: plan_[Final Call] Intern with Ankit Aggrawal - CEO, Unstop!_20260225_005122.md
2026-02-25 20:37:24,266 - INFO - Generated plan: plan_? Don't miss it_ 20% voucher_20260225_005205.md
2026-02-25 20:37:24,380 - INFO - Generated plan: plan_? Celebrate your connection Jonathan Alexander?s birthday! Reach out to them and 2 others_20260225_0.md
2026-02-25 20:37:24,535 - INFO - Generated plan: plan_???Behind the scenes? is the new portfolio_20260225_005129.md
2026-02-25 20:37:24,779 - INFO - Generated plan: plan_? This week's hot picks_20260225_005127.md
2026-02-25 20:37:24,924 - INFO - Generated plan: plan_? This week's hot picks_20260225_005134.md
2026-02-25 20:37:25,224 - INFO - Generated plan: plan_? ? $9.md
2026-02-25 20:37:25,467 - INFO - Generated plan: plan_? ? $9.md
2026-02-25 20:37:25,507 - INFO - Checking 30 files in Pending_Approval folder...
2026-02-25 20:37:27,841 - INFO - No files in Approved folder to process.
